<?xml version="1.0" encoding="UTF-8"?>
<!-- Generated by org.testng.reporters.JUnitXMLReporter -->
<testsuite ignored="0" hostname="WIN-3T66VS8MIRJ" failures="0" tests="3" name="Test" time="7.851" errors="0" timestamp="2021-11-30T07:18:00 IST">
  <testcase classname="testngdemos.PriortiyDemo" name="startapp" time="4.174"/>
  <testcase classname="testngdemos.PriortiyDemo" name="login" time="2.637"/>
  <testcase classname="testngdemos.PriortiyDemo" name="signoff" time="0.991"/>
</testsuite> <!-- Test -->
